<?xml version="1.0" encoding="UTF-8"?>
<testsuite xmlns:xsi="http://www.w3.org/2001/XMLSchema-instance" xsi:noNamespaceSchemaLocation="https://maven.apache.org/surefire/maven-surefire-plugin/xsd/surefire-test-report.xsd" name="CSCI318.BusinessIntelligence.BusinessIntelligenceApplicationTests" time="1.453" tests="1" errors="1" skipped="0" failures="0">
  <properties>
    <property name="sun.desktop" value="windows"/>
    <property name="awt.toolkit" value="sun.awt.windows.WToolkit"/>
    <property name="java.specification.version" value="11"/>
    <property name="sun.cpu.isalist" value="amd64"/>
    <property name="sun.jnu.encoding" value="Cp1252"/>
    <property name="java.class.path" value="C:\Users\liamt\OneDrive\Desktop\Programming\Projects\Task-1\CSCI318_BusinessIntelligence\target\test-classes;C:\Users\liamt\OneDrive\Desktop\Programming\Projects\Task-1\CSCI318_BusinessIntelligence\target\classes;C:\Users\liamt\.m2\repository\org\springframework\boot\spring-boot-starter-data-jpa\2.5.3\spring-boot-starter-data-jpa-2.5.3.jar;C:\Users\liamt\.m2\repository\org\springframework\boot\spring-boot-starter-aop\2.5.3\spring-boot-starter-aop-2.5.3.jar;C:\Users\liamt\.m2\repository\org\springframework\spring-aop\5.3.9\spring-aop-5.3.9.jar;C:\Users\liamt\.m2\repository\org\aspectj\aspectjweaver\1.9.7\aspectjweaver-1.9.7.jar;C:\Users\liamt\.m2\repository\org\springframework\boot\spring-boot-starter-jdbc\2.5.3\spring-boot-starter-jdbc-2.5.3.jar;C:\Users\liamt\.m2\repository\com\zaxxer\HikariCP\4.0.3\HikariCP-4.0.3.jar;C:\Users\liamt\.m2\repository\org\springframework\spring-jdbc\5.3.9\spring-jdbc-5.3.9.jar;C:\Users\liamt\.m2\repository\jakarta\transaction\jakarta.transaction-api\1.3.3\jakarta.transaction-api-1.3.3.jar;C:\Users\liamt\.m2\repository\jakarta\persistence\jakarta.persistence-api\2.2.3\jakarta.persistence-api-2.2.3.jar;C:\Users\liamt\.m2\repository\org\hibernate\hibernate-core\5.4.32.Final\hibernate-core-5.4.32.Final.jar;C:\Users\liamt\.m2\repository\org\jboss\logging\jboss-logging\3.4.2.Final\jboss-logging-3.4.2.Final.jar;C:\Users\liamt\.m2\repository\org\javassist\javassist\3.27.0-GA\javassist-3.27.0-GA.jar;C:\Users\liamt\.m2\repository\net\bytebuddy\byte-buddy\1.10.22\byte-buddy-1.10.22.jar;C:\Users\liamt\.m2\repository\antlr\antlr\2.7.7\antlr-2.7.7.jar;C:\Users\liamt\.m2\repository\org\jboss\jandex\2.2.3.Final\jandex-2.2.3.Final.jar;C:\Users\liamt\.m2\repository\com\fasterxml\classmate\1.5.1\classmate-1.5.1.jar;C:\Users\liamt\.m2\repository\org\dom4j\dom4j\2.1.3\dom4j-2.1.3.jar;C:\Users\liamt\.m2\repository\org\hibernate\common\hibernate-commons-annotations\5.1.2.Final\hibernate-commons-annotations-5.1.2.Final.jar;C:\Users\liamt\.m2\repository\org\glassfish\jaxb\jaxb-runtime\2.3.4\jaxb-runtime-2.3.4.jar;C:\Users\liamt\.m2\repository\org\glassfish\jaxb\txw2\2.3.4\txw2-2.3.4.jar;C:\Users\liamt\.m2\repository\com\sun\istack\istack-commons-runtime\3.0.12\istack-commons-runtime-3.0.12.jar;C:\Users\liamt\.m2\repository\com\sun\activation\jakarta.activation\1.2.2\jakarta.activation-1.2.2.jar;C:\Users\liamt\.m2\repository\org\springframework\data\spring-data-jpa\2.5.3\spring-data-jpa-2.5.3.jar;C:\Users\liamt\.m2\repository\org\springframework\data\spring-data-commons\2.5.3\spring-data-commons-2.5.3.jar;C:\Users\liamt\.m2\repository\org\springframework\spring-orm\5.3.9\spring-orm-5.3.9.jar;C:\Users\liamt\.m2\repository\org\springframework\spring-context\5.3.9\spring-context-5.3.9.jar;C:\Users\liamt\.m2\repository\org\springframework\spring-tx\5.3.9\spring-tx-5.3.9.jar;C:\Users\liamt\.m2\repository\org\springframework\spring-beans\5.3.9\spring-beans-5.3.9.jar;C:\Users\liamt\.m2\repository\org\slf4j\slf4j-api\1.7.32\slf4j-api-1.7.32.jar;C:\Users\liamt\.m2\repository\org\springframework\spring-aspects\5.3.9\spring-aspects-5.3.9.jar;C:\Users\liamt\.m2\repository\org\springframework\boot\spring-boot-starter-web\2.5.3\spring-boot-starter-web-2.5.3.jar;C:\Users\liamt\.m2\repository\org\springframework\boot\spring-boot-starter\2.5.3\spring-boot-starter-2.5.3.jar;C:\Users\liamt\.m2\repository\org\springframework\boot\spring-boot\2.5.3\spring-boot-2.5.3.jar;C:\Users\liamt\.m2\repository\org\springframework\boot\spring-boot-autoconfigure\2.5.3\spring-boot-autoconfigure-2.5.3.jar;C:\Users\liamt\.m2\repository\org\springframework\boot\spring-boot-starter-logging\2.5.3\spring-boot-starter-logging-2.5.3.jar;C:\Users\liamt\.m2\repository\ch\qos\logback\logback-classic\1.2.4\logback-classic-1.2.4.jar;C:\Users\liamt\.m2\repository\ch\qos\logback\logback-core\1.2.4\logback-core-1.2.4.jar;C:\Users\liamt\.m2\repository\org\apache\logging\log4j\log4j-to-slf4j\2.14.1\log4j-to-slf4j-2.14.1.jar;C:\Users\liamt\.m2\repository\org\apache\logging\log4j\log4j-api\2.14.1\log4j-api-2.14.1.jar;C:\Users\liamt\.m2\repository\org\slf4j\jul-to-slf4j\1.7.32\jul-to-slf4j-1.7.32.jar;C:\Users\liamt\.m2\repository\jakarta\annotation\jakarta.annotation-api\1.3.5\jakarta.annotation-api-1.3.5.jar;C:\Users\liamt\.m2\repository\org\yaml\snakeyaml\1.28\snakeyaml-1.28.jar;C:\Users\liamt\.m2\repository\org\springframework\boot\spring-boot-starter-json\2.5.3\spring-boot-starter-json-2.5.3.jar;C:\Users\liamt\.m2\repository\com\fasterxml\jackson\core\jackson-databind\2.12.4\jackson-databind-2.12.4.jar;C:\Users\liamt\.m2\repository\com\fasterxml\jackson\core\jackson-annotations\2.12.4\jackson-annotations-2.12.4.jar;C:\Users\liamt\.m2\repository\com\fasterxml\jackson\core\jackson-core\2.12.4\jackson-core-2.12.4.jar;C:\Users\liamt\.m2\repository\com\fasterxml\jackson\datatype\jackson-datatype-jdk8\2.12.4\jackson-datatype-jdk8-2.12.4.jar;C:\Users\liamt\.m2\repository\com\fasterxml\jackson\datatype\jackson-datatype-jsr310\2.12.4\jackson-datatype-jsr310-2.12.4.jar;C:\Users\liamt\.m2\repository\com\fasterxml\jackson\module\jackson-module-parameter-names\2.12.4\jackson-module-parameter-names-2.12.4.jar;C:\Users\liamt\.m2\repository\org\springframework\boot\spring-boot-starter-tomcat\2.5.3\spring-boot-starter-tomcat-2.5.3.jar;C:\Users\liamt\.m2\repository\org\apache\tomcat\embed\tomcat-embed-core\9.0.50\tomcat-embed-core-9.0.50.jar;C:\Users\liamt\.m2\repository\org\apache\tomcat\embed\tomcat-embed-el\9.0.50\tomcat-embed-el-9.0.50.jar;C:\Users\liamt\.m2\repository\org\apache\tomcat\embed\tomcat-embed-websocket\9.0.50\tomcat-embed-websocket-9.0.50.jar;C:\Users\liamt\.m2\repository\org\springframework\spring-web\5.3.9\spring-web-5.3.9.jar;C:\Users\liamt\.m2\repository\org\springframework\spring-webmvc\5.3.9\spring-webmvc-5.3.9.jar;C:\Users\liamt\.m2\repository\org\springframework\spring-expression\5.3.9\spring-expression-5.3.9.jar;C:\Users\liamt\.m2\repository\org\springframework\cloud\spring-cloud-stream\3.1.3\spring-cloud-stream-3.1.3.jar;C:\Users\liamt\.m2\repository\org\springframework\boot\spring-boot-starter-validation\2.5.3\spring-boot-starter-validation-2.5.3.jar;C:\Users\liamt\.m2\repository\org\hibernate\validator\hibernate-validator\6.2.0.Final\hibernate-validator-6.2.0.Final.jar;C:\Users\liamt\.m2\repository\jakarta\validation\jakarta.validation-api\2.0.2\jakarta.validation-api-2.0.2.jar;C:\Users\liamt\.m2\repository\org\springframework\spring-messaging\5.3.9\spring-messaging-5.3.9.jar;C:\Users\liamt\.m2\repository\org\springframework\integration\spring-integration-core\5.5.2\spring-integration-core-5.5.2.jar;C:\Users\liamt\.m2\repository\io\projectreactor\reactor-core\3.4.8\reactor-core-3.4.8.jar;C:\Users\liamt\.m2\repository\org\reactivestreams\reactive-streams\1.0.3\reactive-streams-1.0.3.jar;C:\Users\liamt\.m2\repository\org\springframework\integration\spring-integration-jmx\5.5.2\spring-integration-jmx-5.5.2.jar;C:\Users\liamt\.m2\repository\org\springframework\retry\spring-retry\1.3.1\spring-retry-1.3.1.jar;C:\Users\liamt\.m2\repository\javax\annotation\javax.annotation-api\1.3.2\javax.annotation-api-1.3.2.jar;C:\Users\liamt\.m2\repository\org\springframework\cloud\spring-cloud-function-context\3.1.3\spring-cloud-function-context-3.1.3.jar;C:\Users\liamt\.m2\repository\net\jodah\typetools\0.6.2\typetools-0.6.2.jar;C:\Users\liamt\.m2\repository\org\springframework\cloud\spring-cloud-function-core\3.1.3\spring-cloud-function-core-3.1.3.jar;C:\Users\liamt\.m2\repository\org\springframework\cloud\spring-cloud-stream-binder-kafka\3.1.3\spring-cloud-stream-binder-kafka-3.1.3.jar;C:\Users\liamt\.m2\repository\org\springframework\cloud\spring-cloud-stream-binder-kafka-core\3.1.3\spring-cloud-stream-binder-kafka-core-3.1.3.jar;C:\Users\liamt\.m2\repository\org\springframework\integration\spring-integration-kafka\5.5.2\spring-integration-kafka-5.5.2.jar;C:\Users\liamt\.m2\repository\org\apache\kafka\kafka-clients\2.7.1\kafka-clients-2.7.1.jar;C:\Users\liamt\.m2\repository\com\github\luben\zstd-jni\1.4.5-6\zstd-jni-1.4.5-6.jar;C:\Users\liamt\.m2\repository\org\lz4\lz4-java\1.7.1\lz4-java-1.7.1.jar;C:\Users\liamt\.m2\repository\org\xerial\snappy\snappy-java\1.1.7.7\snappy-java-1.1.7.7.jar;C:\Users\liamt\.m2\repository\org\springframework\kafka\spring-kafka\2.7.4\spring-kafka-2.7.4.jar;C:\Users\liamt\.m2\repository\com\google\code\findbugs\jsr305\3.0.2\jsr305-3.0.2.jar;C:\Users\liamt\.m2\repository\org\springframework\cloud\spring-cloud-stream-binder-kafka-streams\3.1.3\spring-cloud-stream-binder-kafka-streams-3.1.3.jar;C:\Users\liamt\.m2\repository\org\apache\kafka\kafka-streams\2.7.1\kafka-streams-2.7.1.jar;C:\Users\liamt\.m2\repository\org\apache\kafka\connect-json\2.7.1\connect-json-2.7.1.jar;C:\Users\liamt\.m2\repository\org\apache\kafka\connect-api\2.7.1\connect-api-2.7.1.jar;C:\Users\liamt\.m2\repository\org\rocksdb\rocksdbjni\5.18.4\rocksdbjni-5.18.4.jar;C:\Users\liamt\.m2\repository\com\h2database\h2\1.4.200\h2-1.4.200.jar;C:\Users\liamt\.m2\repository\org\springframework\boot\spring-boot-starter-test\2.5.3\spring-boot-starter-test-2.5.3.jar;C:\Users\liamt\.m2\repository\org\springframework\boot\spring-boot-test\2.5.3\spring-boot-test-2.5.3.jar;C:\Users\liamt\.m2\repository\org\springframework\boot\spring-boot-test-autoconfigure\2.5.3\spring-boot-test-autoconfigure-2.5.3.jar;C:\Users\liamt\.m2\repository\com\jayway\jsonpath\json-path\2.5.0\json-path-2.5.0.jar;C:\Users\liamt\.m2\repository\net\minidev\json-smart\2.4.7\json-smart-2.4.7.jar;C:\Users\liamt\.m2\repository\net\minidev\accessors-smart\2.4.7\accessors-smart-2.4.7.jar;C:\Users\liamt\.m2\repository\org\ow2\asm\asm\9.1\asm-9.1.jar;C:\Users\liamt\.m2\repository\jakarta\xml\bind\jakarta.xml.bind-api\2.3.3\jakarta.xml.bind-api-2.3.3.jar;C:\Users\liamt\.m2\repository\jakarta\activation\jakarta.activation-api\1.2.2\jakarta.activation-api-1.2.2.jar;C:\Users\liamt\.m2\repository\org\assertj\assertj-core\3.19.0\assertj-core-3.19.0.jar;C:\Users\liamt\.m2\repository\org\hamcrest\hamcrest\2.2\hamcrest-2.2.jar;C:\Users\liamt\.m2\repository\org\junit\jupiter\junit-jupiter\5.7.2\junit-jupiter-5.7.2.jar;C:\Users\liamt\.m2\repository\org\junit\jupiter\junit-jupiter-api\5.7.2\junit-jupiter-api-5.7.2.jar;C:\Users\liamt\.m2\repository\org\apiguardian\apiguardian-api\1.1.0\apiguardian-api-1.1.0.jar;C:\Users\liamt\.m2\repository\org\opentest4j\opentest4j\1.2.0\opentest4j-1.2.0.jar;C:\Users\liamt\.m2\repository\org\junit\platform\junit-platform-commons\1.7.2\junit-platform-commons-1.7.2.jar;C:\Users\liamt\.m2\repository\org\junit\jupiter\junit-jupiter-params\5.7.2\junit-jupiter-params-5.7.2.jar;C:\Users\liamt\.m2\repository\org\junit\jupiter\junit-jupiter-engine\5.7.2\junit-jupiter-engine-5.7.2.jar;C:\Users\liamt\.m2\repository\org\junit\platform\junit-platform-engine\1.7.2\junit-platform-engine-1.7.2.jar;C:\Users\liamt\.m2\repository\org\mockito\mockito-core\3.9.0\mockito-core-3.9.0.jar;C:\Users\liamt\.m2\repository\net\bytebuddy\byte-buddy-agent\1.10.22\byte-buddy-agent-1.10.22.jar;C:\Users\liamt\.m2\repository\org\objenesis\objenesis\3.2\objenesis-3.2.jar;C:\Users\liamt\.m2\repository\org\mockito\mockito-junit-jupiter\3.9.0\mockito-junit-jupiter-3.9.0.jar;C:\Users\liamt\.m2\repository\org\skyscreamer\jsonassert\1.5.0\jsonassert-1.5.0.jar;C:\Users\liamt\.m2\repository\com\vaadin\external\google\android-json\0.0.20131108.vaadin1\android-json-0.0.20131108.vaadin1.jar;C:\Users\liamt\.m2\repository\org\springframework\spring-core\5.3.9\spring-core-5.3.9.jar;C:\Users\liamt\.m2\repository\org\springframework\spring-jcl\5.3.9\spring-jcl-5.3.9.jar;C:\Users\liamt\.m2\repository\org\springframework\spring-test\5.3.9\spring-test-5.3.9.jar;C:\Users\liamt\.m2\repository\org\xmlunit\xmlunit-core\2.8.2\xmlunit-core-2.8.2.jar;C:\Users\liamt\.m2\repository\org\springframework\cloud\spring-cloud-stream\3.1.3\spring-cloud-stream-3.1.3-test-binder.jar;"/>
    <property name="java.vm.vendor" value="AdoptOpenJDK"/>
    <property name="sun.arch.data.model" value="64"/>
    <property name="user.variant" value=""/>
    <property name="java.vendor.url" value="https://adoptopenjdk.net/"/>
    <property name="user.timezone" value="Australia/Sydney"/>
    <property name="java.vm.specification.version" value="11"/>
    <property name="os.name" value="Windows 10"/>
    <property name="user.country" value="AU"/>
    <property name="sun.java.launcher" value="SUN_STANDARD"/>
    <property name="sun.boot.library.path" value="C:\Users\liamt\AppData\Local\Programs\AdoptOpenJDK\jdk-11.0.11.9-hotspot\bin"/>
    <property name="sun.java.command" value="C:\Users\liamt\AppData\Local\Temp\surefire12645109845969264794\surefirebooter11155958957570328078.jar C:\Users\liamt\AppData\Local\Temp\surefire12645109845969264794 2021-10-23T11-00-47_820-jvmRun1 surefire16602740910515330715tmp surefire_06681228489934534379tmp"/>
    <property name="jdk.debug" value="release"/>
    <property name="surefire.test.class.path" value="C:\Users\liamt\OneDrive\Desktop\Programming\Projects\Task-1\CSCI318_BusinessIntelligence\target\test-classes;C:\Users\liamt\OneDrive\Desktop\Programming\Projects\Task-1\CSCI318_BusinessIntelligence\target\classes;C:\Users\liamt\.m2\repository\org\springframework\boot\spring-boot-starter-data-jpa\2.5.3\spring-boot-starter-data-jpa-2.5.3.jar;C:\Users\liamt\.m2\repository\org\springframework\boot\spring-boot-starter-aop\2.5.3\spring-boot-starter-aop-2.5.3.jar;C:\Users\liamt\.m2\repository\org\springframework\spring-aop\5.3.9\spring-aop-5.3.9.jar;C:\Users\liamt\.m2\repository\org\aspectj\aspectjweaver\1.9.7\aspectjweaver-1.9.7.jar;C:\Users\liamt\.m2\repository\org\springframework\boot\spring-boot-starter-jdbc\2.5.3\spring-boot-starter-jdbc-2.5.3.jar;C:\Users\liamt\.m2\repository\com\zaxxer\HikariCP\4.0.3\HikariCP-4.0.3.jar;C:\Users\liamt\.m2\repository\org\springframework\spring-jdbc\5.3.9\spring-jdbc-5.3.9.jar;C:\Users\liamt\.m2\repository\jakarta\transaction\jakarta.transaction-api\1.3.3\jakarta.transaction-api-1.3.3.jar;C:\Users\liamt\.m2\repository\jakarta\persistence\jakarta.persistence-api\2.2.3\jakarta.persistence-api-2.2.3.jar;C:\Users\liamt\.m2\repository\org\hibernate\hibernate-core\5.4.32.Final\hibernate-core-5.4.32.Final.jar;C:\Users\liamt\.m2\repository\org\jboss\logging\jboss-logging\3.4.2.Final\jboss-logging-3.4.2.Final.jar;C:\Users\liamt\.m2\repository\org\javassist\javassist\3.27.0-GA\javassist-3.27.0-GA.jar;C:\Users\liamt\.m2\repository\net\bytebuddy\byte-buddy\1.10.22\byte-buddy-1.10.22.jar;C:\Users\liamt\.m2\repository\antlr\antlr\2.7.7\antlr-2.7.7.jar;C:\Users\liamt\.m2\repository\org\jboss\jandex\2.2.3.Final\jandex-2.2.3.Final.jar;C:\Users\liamt\.m2\repository\com\fasterxml\classmate\1.5.1\classmate-1.5.1.jar;C:\Users\liamt\.m2\repository\org\dom4j\dom4j\2.1.3\dom4j-2.1.3.jar;C:\Users\liamt\.m2\repository\org\hibernate\common\hibernate-commons-annotations\5.1.2.Final\hibernate-commons-annotations-5.1.2.Final.jar;C:\Users\liamt\.m2\repository\org\glassfish\jaxb\jaxb-runtime\2.3.4\jaxb-runtime-2.3.4.jar;C:\Users\liamt\.m2\repository\org\glassfish\jaxb\txw2\2.3.4\txw2-2.3.4.jar;C:\Users\liamt\.m2\repository\com\sun\istack\istack-commons-runtime\3.0.12\istack-commons-runtime-3.0.12.jar;C:\Users\liamt\.m2\repository\com\sun\activation\jakarta.activation\1.2.2\jakarta.activation-1.2.2.jar;C:\Users\liamt\.m2\repository\org\springframework\data\spring-data-jpa\2.5.3\spring-data-jpa-2.5.3.jar;C:\Users\liamt\.m2\repository\org\springframework\data\spring-data-commons\2.5.3\spring-data-commons-2.5.3.jar;C:\Users\liamt\.m2\repository\org\springframework\spring-orm\5.3.9\spring-orm-5.3.9.jar;C:\Users\liamt\.m2\repository\org\springframework\spring-context\5.3.9\spring-context-5.3.9.jar;C:\Users\liamt\.m2\repository\org\springframework\spring-tx\5.3.9\spring-tx-5.3.9.jar;C:\Users\liamt\.m2\repository\org\springframework\spring-beans\5.3.9\spring-beans-5.3.9.jar;C:\Users\liamt\.m2\repository\org\slf4j\slf4j-api\1.7.32\slf4j-api-1.7.32.jar;C:\Users\liamt\.m2\repository\org\springframework\spring-aspects\5.3.9\spring-aspects-5.3.9.jar;C:\Users\liamt\.m2\repository\org\springframework\boot\spring-boot-starter-web\2.5.3\spring-boot-starter-web-2.5.3.jar;C:\Users\liamt\.m2\repository\org\springframework\boot\spring-boot-starter\2.5.3\spring-boot-starter-2.5.3.jar;C:\Users\liamt\.m2\repository\org\springframework\boot\spring-boot\2.5.3\spring-boot-2.5.3.jar;C:\Users\liamt\.m2\repository\org\springframework\boot\spring-boot-autoconfigure\2.5.3\spring-boot-autoconfigure-2.5.3.jar;C:\Users\liamt\.m2\repository\org\springframework\boot\spring-boot-starter-logging\2.5.3\spring-boot-starter-logging-2.5.3.jar;C:\Users\liamt\.m2\repository\ch\qos\logback\logback-classic\1.2.4\logback-classic-1.2.4.jar;C:\Users\liamt\.m2\repository\ch\qos\logback\logback-core\1.2.4\logback-core-1.2.4.jar;C:\Users\liamt\.m2\repository\org\apache\logging\log4j\log4j-to-slf4j\2.14.1\log4j-to-slf4j-2.14.1.jar;C:\Users\liamt\.m2\repository\org\apache\logging\log4j\log4j-api\2.14.1\log4j-api-2.14.1.jar;C:\Users\liamt\.m2\repository\org\slf4j\jul-to-slf4j\1.7.32\jul-to-slf4j-1.7.32.jar;C:\Users\liamt\.m2\repository\jakarta\annotation\jakarta.annotation-api\1.3.5\jakarta.annotation-api-1.3.5.jar;C:\Users\liamt\.m2\repository\org\yaml\snakeyaml\1.28\snakeyaml-1.28.jar;C:\Users\liamt\.m2\repository\org\springframework\boot\spring-boot-starter-json\2.5.3\spring-boot-starter-json-2.5.3.jar;C:\Users\liamt\.m2\repository\com\fasterxml\jackson\core\jackson-databind\2.12.4\jackson-databind-2.12.4.jar;C:\Users\liamt\.m2\repository\com\fasterxml\jackson\core\jackson-annotations\2.12.4\jackson-annotations-2.12.4.jar;C:\Users\liamt\.m2\repository\com\fasterxml\jackson\core\jackson-core\2.12.4\jackson-core-2.12.4.jar;C:\Users\liamt\.m2\repository\com\fasterxml\jackson\datatype\jackson-datatype-jdk8\2.12.4\jackson-datatype-jdk8-2.12.4.jar;C:\Users\liamt\.m2\repository\com\fasterxml\jackson\datatype\jackson-datatype-jsr310\2.12.4\jackson-datatype-jsr310-2.12.4.jar;C:\Users\liamt\.m2\repository\com\fasterxml\jackson\module\jackson-module-parameter-names\2.12.4\jackson-module-parameter-names-2.12.4.jar;C:\Users\liamt\.m2\repository\org\springframework\boot\spring-boot-starter-tomcat\2.5.3\spring-boot-starter-tomcat-2.5.3.jar;C:\Users\liamt\.m2\repository\org\apache\tomcat\embed\tomcat-embed-core\9.0.50\tomcat-embed-core-9.0.50.jar;C:\Users\liamt\.m2\repository\org\apache\tomcat\embed\tomcat-embed-el\9.0.50\tomcat-embed-el-9.0.50.jar;C:\Users\liamt\.m2\repository\org\apache\tomcat\embed\tomcat-embed-websocket\9.0.50\tomcat-embed-websocket-9.0.50.jar;C:\Users\liamt\.m2\repository\org\springframework\spring-web\5.3.9\spring-web-5.3.9.jar;C:\Users\liamt\.m2\repository\org\springframework\spring-webmvc\5.3.9\spring-webmvc-5.3.9.jar;C:\Users\liamt\.m2\repository\org\springframework\spring-expression\5.3.9\spring-expression-5.3.9.jar;C:\Users\liamt\.m2\repository\org\springframework\cloud\spring-cloud-stream\3.1.3\spring-cloud-stream-3.1.3.jar;C:\Users\liamt\.m2\repository\org\springframework\boot\spring-boot-starter-validation\2.5.3\spring-boot-starter-validation-2.5.3.jar;C:\Users\liamt\.m2\repository\org\hibernate\validator\hibernate-validator\6.2.0.Final\hibernate-validator-6.2.0.Final.jar;C:\Users\liamt\.m2\repository\jakarta\validation\jakarta.validation-api\2.0.2\jakarta.validation-api-2.0.2.jar;C:\Users\liamt\.m2\repository\org\springframework\spring-messaging\5.3.9\spring-messaging-5.3.9.jar;C:\Users\liamt\.m2\repository\org\springframework\integration\spring-integration-core\5.5.2\spring-integration-core-5.5.2.jar;C:\Users\liamt\.m2\repository\io\projectreactor\reactor-core\3.4.8\reactor-core-3.4.8.jar;C:\Users\liamt\.m2\repository\org\reactivestreams\reactive-streams\1.0.3\reactive-streams-1.0.3.jar;C:\Users\liamt\.m2\repository\org\springframework\integration\spring-integration-jmx\5.5.2\spring-integration-jmx-5.5.2.jar;C:\Users\liamt\.m2\repository\org\springframework\retry\spring-retry\1.3.1\spring-retry-1.3.1.jar;C:\Users\liamt\.m2\repository\javax\annotation\javax.annotation-api\1.3.2\javax.annotation-api-1.3.2.jar;C:\Users\liamt\.m2\repository\org\springframework\cloud\spring-cloud-function-context\3.1.3\spring-cloud-function-context-3.1.3.jar;C:\Users\liamt\.m2\repository\net\jodah\typetools\0.6.2\typetools-0.6.2.jar;C:\Users\liamt\.m2\repository\org\springframework\cloud\spring-cloud-function-core\3.1.3\spring-cloud-function-core-3.1.3.jar;C:\Users\liamt\.m2\repository\org\springframework\cloud\spring-cloud-stream-binder-kafka\3.1.3\spring-cloud-stream-binder-kafka-3.1.3.jar;C:\Users\liamt\.m2\repository\org\springframework\cloud\spring-cloud-stream-binder-kafka-core\3.1.3\spring-cloud-stream-binder-kafka-core-3.1.3.jar;C:\Users\liamt\.m2\repository\org\springframework\integration\spring-integration-kafka\5.5.2\spring-integration-kafka-5.5.2.jar;C:\Users\liamt\.m2\repository\org\apache\kafka\kafka-clients\2.7.1\kafka-clients-2.7.1.jar;C:\Users\liamt\.m2\repository\com\github\luben\zstd-jni\1.4.5-6\zstd-jni-1.4.5-6.jar;C:\Users\liamt\.m2\repository\org\lz4\lz4-java\1.7.1\lz4-java-1.7.1.jar;C:\Users\liamt\.m2\repository\org\xerial\snappy\snappy-java\1.1.7.7\snappy-java-1.1.7.7.jar;C:\Users\liamt\.m2\repository\org\springframework\kafka\spring-kafka\2.7.4\spring-kafka-2.7.4.jar;C:\Users\liamt\.m2\repository\com\google\code\findbugs\jsr305\3.0.2\jsr305-3.0.2.jar;C:\Users\liamt\.m2\repository\org\springframework\cloud\spring-cloud-stream-binder-kafka-streams\3.1.3\spring-cloud-stream-binder-kafka-streams-3.1.3.jar;C:\Users\liamt\.m2\repository\org\apache\kafka\kafka-streams\2.7.1\kafka-streams-2.7.1.jar;C:\Users\liamt\.m2\repository\org\apache\kafka\connect-json\2.7.1\connect-json-2.7.1.jar;C:\Users\liamt\.m2\repository\org\apache\kafka\connect-api\2.7.1\connect-api-2.7.1.jar;C:\Users\liamt\.m2\repository\org\rocksdb\rocksdbjni\5.18.4\rocksdbjni-5.18.4.jar;C:\Users\liamt\.m2\repository\com\h2database\h2\1.4.200\h2-1.4.200.jar;C:\Users\liamt\.m2\repository\org\springframework\boot\spring-boot-starter-test\2.5.3\spring-boot-starter-test-2.5.3.jar;C:\Users\liamt\.m2\repository\org\springframework\boot\spring-boot-test\2.5.3\spring-boot-test-2.5.3.jar;C:\Users\liamt\.m2\repository\org\springframework\boot\spring-boot-test-autoconfigure\2.5.3\spring-boot-test-autoconfigure-2.5.3.jar;C:\Users\liamt\.m2\repository\com\jayway\jsonpath\json-path\2.5.0\json-path-2.5.0.jar;C:\Users\liamt\.m2\repository\net\minidev\json-smart\2.4.7\json-smart-2.4.7.jar;C:\Users\liamt\.m2\repository\net\minidev\accessors-smart\2.4.7\accessors-smart-2.4.7.jar;C:\Users\liamt\.m2\repository\org\ow2\asm\asm\9.1\asm-9.1.jar;C:\Users\liamt\.m2\repository\jakarta\xml\bind\jakarta.xml.bind-api\2.3.3\jakarta.xml.bind-api-2.3.3.jar;C:\Users\liamt\.m2\repository\jakarta\activation\jakarta.activation-api\1.2.2\jakarta.activation-api-1.2.2.jar;C:\Users\liamt\.m2\repository\org\assertj\assertj-core\3.19.0\assertj-core-3.19.0.jar;C:\Users\liamt\.m2\repository\org\hamcrest\hamcrest\2.2\hamcrest-2.2.jar;C:\Users\liamt\.m2\repository\org\junit\jupiter\junit-jupiter\5.7.2\junit-jupiter-5.7.2.jar;C:\Users\liamt\.m2\repository\org\junit\jupiter\junit-jupiter-api\5.7.2\junit-jupiter-api-5.7.2.jar;C:\Users\liamt\.m2\repository\org\apiguardian\apiguardian-api\1.1.0\apiguardian-api-1.1.0.jar;C:\Users\liamt\.m2\repository\org\opentest4j\opentest4j\1.2.0\opentest4j-1.2.0.jar;C:\Users\liamt\.m2\repository\org\junit\platform\junit-platform-commons\1.7.2\junit-platform-commons-1.7.2.jar;C:\Users\liamt\.m2\repository\org\junit\jupiter\junit-jupiter-params\5.7.2\junit-jupiter-params-5.7.2.jar;C:\Users\liamt\.m2\repository\org\junit\jupiter\junit-jupiter-engine\5.7.2\junit-jupiter-engine-5.7.2.jar;C:\Users\liamt\.m2\repository\org\junit\platform\junit-platform-engine\1.7.2\junit-platform-engine-1.7.2.jar;C:\Users\liamt\.m2\repository\org\mockito\mockito-core\3.9.0\mockito-core-3.9.0.jar;C:\Users\liamt\.m2\repository\net\bytebuddy\byte-buddy-agent\1.10.22\byte-buddy-agent-1.10.22.jar;C:\Users\liamt\.m2\repository\org\objenesis\objenesis\3.2\objenesis-3.2.jar;C:\Users\liamt\.m2\repository\org\mockito\mockito-junit-jupiter\3.9.0\mockito-junit-jupiter-3.9.0.jar;C:\Users\liamt\.m2\repository\org\skyscreamer\jsonassert\1.5.0\jsonassert-1.5.0.jar;C:\Users\liamt\.m2\repository\com\vaadin\external\google\android-json\0.0.20131108.vaadin1\android-json-0.0.20131108.vaadin1.jar;C:\Users\liamt\.m2\repository\org\springframework\spring-core\5.3.9\spring-core-5.3.9.jar;C:\Users\liamt\.m2\repository\org\springframework\spring-jcl\5.3.9\spring-jcl-5.3.9.jar;C:\Users\liamt\.m2\repository\org\springframework\spring-test\5.3.9\spring-test-5.3.9.jar;C:\Users\liamt\.m2\repository\org\xmlunit\xmlunit-core\2.8.2\xmlunit-core-2.8.2.jar;C:\Users\liamt\.m2\repository\org\springframework\cloud\spring-cloud-stream\3.1.3\spring-cloud-stream-3.1.3-test-binder.jar;"/>
    <property name="sun.cpu.endian" value="little"/>
    <property name="user.home" value="C:\Users\liamt"/>
    <property name="user.language" value="en"/>
    <property name="java.specification.vendor" value="Oracle Corporation"/>
    <property name="java.version.date" value="2021-04-20"/>
    <property name="java.home" value="C:\Users\liamt\AppData\Local\Programs\AdoptOpenJDK\jdk-11.0.11.9-hotspot"/>
    <property name="file.separator" value="\"/>
    <property name="basedir" value="C:\Users\liamt\OneDrive\Desktop\Programming\Projects\Task-1\CSCI318_BusinessIntelligence"/>
    <property name="java.vm.compressedOopsMode" value="Zero based"/>
    <property name="line.separator" value="&#10;"/>
    <property name="java.specification.name" value="Java Platform API Specification"/>
    <property name="java.vm.specification.vendor" value="Oracle Corporation"/>
    <property name="java.awt.graphicsenv" value="sun.awt.Win32GraphicsEnvironment"/>
    <property name="surefire.real.class.path" value="C:\Users\liamt\AppData\Local\Temp\surefire12645109845969264794\surefirebooter11155958957570328078.jar"/>
    <property name="user.script" value=""/>
    <property name="sun.management.compiler" value="HotSpot 64-Bit Tiered Compilers"/>
    <property name="java.runtime.version" value="11.0.11+9"/>
    <property name="user.name" value="liamt"/>
    <property name="path.separator" value=";"/>
    <property name="os.version" value="10.0"/>
    <property name="java.runtime.name" value="OpenJDK Runtime Environment"/>
    <property name="file.encoding" value="UTF-8"/>
    <property name="java.vm.name" value="OpenJDK 64-Bit Server VM"/>
    <property name="java.vendor.version" value="AdoptOpenJDK-11.0.11+9"/>
    <property name="maven.ext.class.path" value="C:\Program Files\NetBeans-12.3\netbeans\java\maven-nblib\netbeans-eventspy.jar"/>
    <property name="localRepository" value="C:\Users\liamt\.m2\repository"/>
    <property name="java.vendor.url.bug" value="https://github.com/AdoptOpenJDK/openjdk-support/issues"/>
    <property name="java.io.tmpdir" value="C:\Users\liamt\AppData\Local\Temp\"/>
    <property name="java.version" value="11.0.11"/>
    <property name="user.dir" value="C:\Users\liamt\OneDrive\Desktop\Programming\Projects\Task-1\CSCI318_BusinessIntelligence"/>
    <property name="os.arch" value="amd64"/>
    <property name="java.vm.specification.name" value="Java Virtual Machine Specification"/>
    <property name="java.awt.printerjob" value="sun.awt.windows.WPrinterJob"/>
    <property name="sun.os.patch.level" value=""/>
    <property name="java.library.path" value="C:\Users\liamt\AppData\Local\Programs\AdoptOpenJDK\jdk-11.0.11.9-hotspot\bin;C:\WINDOWS\Sun\Java\bin;C:\WINDOWS\system32;C:\WINDOWS;C:\Program Files (x86)\Common Files\Oracle\Java\javapath;C:\Program Files (x86)\Razer Chroma SDK\bin;C:\Program Files\Razer Chroma SDK\bin;C:\Program Files (x86)\Razer\ChromaBroadcast\bin;C:\Program Files\Razer\ChromaBroadcast\bin;C:\Windows\system32;C:\Windows;C:\Windows\System32\Wbem;C:\Windows\System32\WindowsPowerShell\v1.0\;C:\Windows\System32\OpenSSH\;C:\Program Files (x86)\NVIDIA Corporation\PhysX\Common;C:\Program Files\NVIDIA Corporation\NVIDIA NvDLISR;C:\Windows\system32\config\systemprofile\AppData\Local\Microsoft\WindowsApps;D:\MathLab\bin;C:\WINDOWS\system32;C:\WINDOWS;C:\WINDOWS\System32\Wbem;C:\WINDOWS\System32\WindowsPowerShell\v1.0\;C:\WINDOWS\System32\OpenSSH\;C:\Program Files (x86)\MinGW\i686-8.1.0-posix-dwarf-rt_v6-rev0\mingw32\bin;C:\Program Files\Git\cmd;C:\Users\liamt\AppData\Local\Programs\AdoptOpenJDK\jdk-11.0.11.9-hotspot\bin;C:\Users\liamt\AppData\Local\Microsoft\WindowsApps;C:\Users\liamt\AppData\Local\Programs\Microsoft VS Code\bin;C:\Users\liamt\AppData\Local\GitHubDesktop\bin;;."/>
    <property name="java.vm.info" value="mixed mode"/>
    <property name="java.vendor" value="AdoptOpenJDK"/>
    <property name="java.vm.version" value="11.0.11+9"/>
    <property name="sun.io.unicode.encoding" value="UnicodeLittle"/>
    <property name="java.class.version" value="55.0"/>
  </properties>
  <testcase name="contextLoads" classname="CSCI318.BusinessIntelligence.BusinessIntelligenceApplicationTests" time="0.001">
    <error message="Failed to load ApplicationContext" type="java.lang.IllegalStateException">java.lang.IllegalStateException: Failed to load ApplicationContext
Caused by: org.springframework.beans.factory.BeanDefinitionStoreException: Failed to parse configuration class [CSCI318.BusinessIntelligence.BusinessIntelligenceApplication]; nested exception is org.springframework.context.annotation.ConflictingBeanDefinitionException: Annotation-specified bean name 'productInteractiveQuery' for bean class [CSCI318.BusinessIntelligence.Service.ProductInteractiveQuery] conflicts with existing, non-compatible bean definition of same name and class [CSCI318.BusinessIntelligence.ProductInteractiveQuery]
Caused by: org.springframework.context.annotation.ConflictingBeanDefinitionException: Annotation-specified bean name 'productInteractiveQuery' for bean class [CSCI318.BusinessIntelligence.Service.ProductInteractiveQuery] conflicts with existing, non-compatible bean definition of same name and class [CSCI318.BusinessIntelligence.ProductInteractiveQuery]
</error>
    <system-out><![CDATA[11:00:49.184 [main] DEBUG org.springframework.test.context.BootstrapUtils - Instantiating CacheAwareContextLoaderDelegate from class [org.springframework.test.context.cache.DefaultCacheAwareContextLoaderDelegate]
11:00:49.196 [main] DEBUG org.springframework.test.context.BootstrapUtils - Instantiating BootstrapContext using constructor [public org.springframework.test.context.support.DefaultBootstrapContext(java.lang.Class,org.springframework.test.context.CacheAwareContextLoaderDelegate)]
11:00:49.229 [main] DEBUG org.springframework.test.context.BootstrapUtils - Instantiating TestContextBootstrapper for test class [CSCI318.BusinessIntelligence.BusinessIntelligenceApplicationTests] from class [org.springframework.boot.test.context.SpringBootTestContextBootstrapper]
11:00:49.242 [main] INFO org.springframework.boot.test.context.SpringBootTestContextBootstrapper - Neither @ContextConfiguration nor @ContextHierarchy found for test class [CSCI318.BusinessIntelligence.BusinessIntelligenceApplicationTests], using SpringBootContextLoader
11:00:49.247 [main] DEBUG org.springframework.test.context.support.AbstractContextLoader - Did not detect default resource location for test class [CSCI318.BusinessIntelligence.BusinessIntelligenceApplicationTests]: class path resource [CSCI318/BusinessIntelligence/BusinessIntelligenceApplicationTests-context.xml] does not exist
11:00:49.247 [main] DEBUG org.springframework.test.context.support.AbstractContextLoader - Did not detect default resource location for test class [CSCI318.BusinessIntelligence.BusinessIntelligenceApplicationTests]: class path resource [CSCI318/BusinessIntelligence/BusinessIntelligenceApplicationTestsContext.groovy] does not exist
11:00:49.247 [main] INFO org.springframework.test.context.support.AbstractContextLoader - Could not detect default resource locations for test class [CSCI318.BusinessIntelligence.BusinessIntelligenceApplicationTests]: no resource found for suffixes {-context.xml, Context.groovy}.
11:00:49.248 [main] INFO org.springframework.test.context.support.AnnotationConfigContextLoaderUtils - Could not detect default configuration classes for test class [CSCI318.BusinessIntelligence.BusinessIntelligenceApplicationTests]: BusinessIntelligenceApplicationTests does not declare any static, non-private, non-final, nested classes annotated with @Configuration.
11:00:49.295 [main] DEBUG org.springframework.test.context.support.ActiveProfilesUtils - Could not find an 'annotation declaring class' for annotation type [org.springframework.test.context.ActiveProfiles] and class [CSCI318.BusinessIntelligence.BusinessIntelligenceApplicationTests]
11:00:49.351 [main] DEBUG org.springframework.context.annotation.ClassPathScanningCandidateComponentProvider - Identified candidate component class: file [C:\Users\liamt\OneDrive\Desktop\Programming\Projects\Task-1\CSCI318_BusinessIntelligence\target\classes\CSCI318\BusinessIntelligence\BusinessIntelligenceApplication.class]
11:00:49.366 [main] INFO org.springframework.boot.test.context.SpringBootTestContextBootstrapper - Found @SpringBootConfiguration CSCI318.BusinessIntelligence.BusinessIntelligenceApplication for test class CSCI318.BusinessIntelligence.BusinessIntelligenceApplicationTests
11:00:49.470 [main] DEBUG org.springframework.boot.test.context.SpringBootTestContextBootstrapper - @TestExecutionListeners is not present for class [CSCI318.BusinessIntelligence.BusinessIntelligenceApplicationTests]: using defaults.
11:00:49.470 [main] INFO org.springframework.boot.test.context.SpringBootTestContextBootstrapper - Loaded default TestExecutionListener class names from location [META-INF/spring.factories]: [org.springframework.boot.test.mock.mockito.MockitoTestExecutionListener, org.springframework.boot.test.mock.mockito.ResetMocksTestExecutionListener, org.springframework.boot.test.autoconfigure.restdocs.RestDocsTestExecutionListener, org.springframework.boot.test.autoconfigure.web.client.MockRestServiceServerResetTestExecutionListener, org.springframework.boot.test.autoconfigure.web.servlet.MockMvcPrintOnlyOnFailureTestExecutionListener, org.springframework.boot.test.autoconfigure.web.servlet.WebDriverTestExecutionListener, org.springframework.boot.test.autoconfigure.webservices.client.MockWebServiceServerTestExecutionListener, org.springframework.test.context.web.ServletTestExecutionListener, org.springframework.test.context.support.DirtiesContextBeforeModesTestExecutionListener, org.springframework.test.context.event.ApplicationEventsTestExecutionListener, org.springframework.test.context.support.DependencyInjectionTestExecutionListener, org.springframework.test.context.support.DirtiesContextTestExecutionListener, org.springframework.test.context.transaction.TransactionalTestExecutionListener, org.springframework.test.context.jdbc.SqlScriptsTestExecutionListener, org.springframework.test.context.event.EventPublishingTestExecutionListener]
11:00:49.499 [main] INFO org.springframework.boot.test.context.SpringBootTestContextBootstrapper - Using TestExecutionListeners: [org.springframework.test.context.web.ServletTestExecutionListener@31e4bb20, org.springframework.test.context.support.DirtiesContextBeforeModesTestExecutionListener@18cebaa5, org.springframework.test.context.event.ApplicationEventsTestExecutionListener@463b4ac8, org.springframework.boot.test.mock.mockito.MockitoTestExecutionListener@765f05af, org.springframework.boot.test.autoconfigure.SpringBootDependencyInjectionTestExecutionListener@62f68dff, org.springframework.test.context.support.DirtiesContextTestExecutionListener@f001896, org.springframework.test.context.transaction.TransactionalTestExecutionListener@13f17eb4, org.springframework.test.context.jdbc.SqlScriptsTestExecutionListener@1d0d6318, org.springframework.test.context.event.EventPublishingTestExecutionListener@4bc28c33, org.springframework.boot.test.mock.mockito.ResetMocksTestExecutionListener@4409e975, org.springframework.boot.test.autoconfigure.restdocs.RestDocsTestExecutionListener@5c153b9e, org.springframework.boot.test.autoconfigure.web.client.MockRestServiceServerResetTestExecutionListener@2a7686a7, org.springframework.boot.test.autoconfigure.web.servlet.MockMvcPrintOnlyOnFailureTestExecutionListener@758a34ce, org.springframework.boot.test.autoconfigure.web.servlet.WebDriverTestExecutionListener@7ec3394b, org.springframework.boot.test.autoconfigure.webservices.client.MockWebServiceServerTestExecutionListener@bff34c6]
11:00:49.503 [main] DEBUG org.springframework.test.context.support.AbstractDirtiesContextTestExecutionListener - Before test class: context [DefaultTestContext@3543df7d testClass = BusinessIntelligenceApplicationTests, testInstance = [null], testMethod = [null], testException = [null], mergedContextConfiguration = [WebMergedContextConfiguration@7c541c15 testClass = BusinessIntelligenceApplicationTests, locations = '{}', classes = '{class CSCI318.BusinessIntelligence.BusinessIntelligenceApplication}', contextInitializerClasses = '[]', activeProfiles = '{}', propertySourceLocations = '{}', propertySourceProperties = '{org.springframework.boot.test.context.SpringBootTestContextBootstrapper=true}', contextCustomizers = set[org.springframework.boot.test.context.filter.ExcludeFilterContextCustomizer@72ade7e3, org.springframework.boot.test.json.DuplicateJsonObjectContextCustomizerFactory$DuplicateJsonObjectContextCustomizer@609bcfb6, org.springframework.boot.test.mock.mockito.MockitoContextCustomizer@0, org.springframework.boot.test.web.client.TestRestTemplateContextCustomizer@3e44f2a5, org.springframework.boot.test.autoconfigure.actuate.metrics.MetricsExportContextCustomizerFactory$DisableMetricExportContextCustomizer@bb9e6dc, org.springframework.boot.test.autoconfigure.properties.PropertyMappingContextCustomizer@0, org.springframework.boot.test.autoconfigure.web.servlet.WebDriverContextCustomizerFactory$Customizer@24c4ddae, org.springframework.boot.test.context.SpringBootTestArgs@1, org.springframework.boot.test.context.SpringBootTestWebEnvironment@61df66b6], resourceBasePath = 'src/main/webapp', contextLoader = 'org.springframework.boot.test.context.SpringBootContextLoader', parent = [null]], attributes = map['org.springframework.test.context.web.ServletTestExecutionListener.activateListener' -> true]], class annotated with @DirtiesContext [false] with mode [null].
11:00:49.540 [main] DEBUG org.springframework.test.context.support.TestPropertySourceUtils - Adding inlined properties to environment: {spring.jmx.enabled=false, org.springframework.boot.test.context.SpringBootTestContextBootstrapper=true}

  .   ____          _            __ _ _
 /\\ / ___'_ __ _ _(_)_ __  __ _ \ \ \ \
( ( )\___ | '_ | '_| | '_ \/ _` | \ \ \ \
 \\/  ___)| |_)| | | | | || (_| |  ) ) ) )
  '  |____| .__|_| |_|_| |_\__, | / / / /
 =========|_|==============|___/=/_/_/_/
 :: Spring Boot ::                (v2.5.3)

2021-10-23 11:00:49.900  INFO 17196 --- [           main] C.B.BusinessIntelligenceApplicationTests : Starting BusinessIntelligenceApplicationTests using Java 11.0.11 on Liams-Laptop with PID 17196 (started by liamt in C:\Users\liamt\OneDrive\Desktop\Programming\Projects\Task-1\CSCI318_BusinessIntelligence)
2021-10-23 11:00:49.901  INFO 17196 --- [           main] C.B.BusinessIntelligenceApplicationTests : No active profile set, falling back to default profiles: default
2021-10-23 11:00:50.014  WARN 17196 --- [           main] o.s.w.c.s.GenericWebApplicationContext   : Exception encountered during context initialization - cancelling refresh attempt: org.springframework.beans.factory.BeanDefinitionStoreException: Failed to parse configuration class [CSCI318.BusinessIntelligence.BusinessIntelligenceApplication]; nested exception is org.springframework.context.annotation.ConflictingBeanDefinitionException: Annotation-specified bean name 'productInteractiveQuery' for bean class [CSCI318.BusinessIntelligence.Service.ProductInteractiveQuery] conflicts with existing, non-compatible bean definition of same name and class [CSCI318.BusinessIntelligence.ProductInteractiveQuery]
2021-10-23 11:00:50.346 ERROR 17196 --- [           main] o.s.boot.SpringApplication               : Application run failed

org.springframework.beans.factory.BeanDefinitionStoreException: Failed to parse configuration class [CSCI318.BusinessIntelligence.BusinessIntelligenceApplication]; nested exception is org.springframework.context.annotation.ConflictingBeanDefinitionException: Annotation-specified bean name 'productInteractiveQuery' for bean class [CSCI318.BusinessIntelligence.Service.ProductInteractiveQuery] conflicts with existing, non-compatible bean definition of same name and class [CSCI318.BusinessIntelligence.ProductInteractiveQuery]
	at org.springframework.context.annotation.ConfigurationClassParser.parse(ConfigurationClassParser.java:189) ~[spring-context-5.3.9.jar:5.3.9]
	at org.springframework.context.annotation.ConfigurationClassPostProcessor.processConfigBeanDefinitions(ConfigurationClassPostProcessor.java:331) ~[spring-context-5.3.9.jar:5.3.9]
	at org.springframework.context.annotation.ConfigurationClassPostProcessor.postProcessBeanDefinitionRegistry(ConfigurationClassPostProcessor.java:247) ~[spring-context-5.3.9.jar:5.3.9]
	at org.springframework.context.support.PostProcessorRegistrationDelegate.invokeBeanDefinitionRegistryPostProcessors(PostProcessorRegistrationDelegate.java:311) ~[spring-context-5.3.9.jar:5.3.9]
	at org.springframework.context.support.PostProcessorRegistrationDelegate.invokeBeanFactoryPostProcessors(PostProcessorRegistrationDelegate.java:112) ~[spring-context-5.3.9.jar:5.3.9]
	at org.springframework.context.support.AbstractApplicationContext.invokeBeanFactoryPostProcessors(AbstractApplicationContext.java:746) ~[spring-context-5.3.9.jar:5.3.9]
	at org.springframework.context.support.AbstractApplicationContext.refresh(AbstractApplicationContext.java:564) ~[spring-context-5.3.9.jar:5.3.9]
	at org.springframework.boot.SpringApplication.refresh(SpringApplication.java:754) ~[spring-boot-2.5.3.jar:2.5.3]
	at org.springframework.boot.SpringApplication.refreshContext(SpringApplication.java:434) ~[spring-boot-2.5.3.jar:2.5.3]
	at org.springframework.boot.SpringApplication.run(SpringApplication.java:338) ~[spring-boot-2.5.3.jar:2.5.3]
	at org.springframework.boot.test.context.SpringBootContextLoader.loadContext(SpringBootContextLoader.java:123) ~[spring-boot-test-2.5.3.jar:2.5.3]
	at org.springframework.test.context.cache.DefaultCacheAwareContextLoaderDelegate.loadContextInternal(DefaultCacheAwareContextLoaderDelegate.java:99) ~[spring-test-5.3.9.jar:5.3.9]
	at org.springframework.test.context.cache.DefaultCacheAwareContextLoaderDelegate.loadContext(DefaultCacheAwareContextLoaderDelegate.java:124) ~[spring-test-5.3.9.jar:5.3.9]
	at org.springframework.test.context.support.DefaultTestContext.getApplicationContext(DefaultTestContext.java:124) ~[spring-test-5.3.9.jar:5.3.9]
	at org.springframework.test.context.web.ServletTestExecutionListener.setUpRequestContextIfNecessary(ServletTestExecutionListener.java:190) ~[spring-test-5.3.9.jar:5.3.9]
	at org.springframework.test.context.web.ServletTestExecutionListener.prepareTestInstance(ServletTestExecutionListener.java:132) ~[spring-test-5.3.9.jar:5.3.9]
	at org.springframework.test.context.TestContextManager.prepareTestInstance(TestContextManager.java:244) ~[spring-test-5.3.9.jar:5.3.9]
	at org.springframework.test.context.junit.jupiter.SpringExtension.postProcessTestInstance(SpringExtension.java:138) ~[spring-test-5.3.9.jar:5.3.9]
	at org.junit.jupiter.engine.descriptor.ClassBasedTestDescriptor.lambda$invokeTestInstancePostProcessors$6(ClassBasedTestDescriptor.java:350) ~[junit-jupiter-engine-5.7.2.jar:5.7.2]
	at org.junit.jupiter.engine.descriptor.ClassBasedTestDescriptor.executeAndMaskThrowable(ClassBasedTestDescriptor.java:355) ~[junit-jupiter-engine-5.7.2.jar:5.7.2]
	at org.junit.jupiter.engine.descriptor.ClassBasedTestDescriptor.lambda$invokeTestInstancePostProcessors$7(ClassBasedTestDescriptor.java:350) ~[junit-jupiter-engine-5.7.2.jar:5.7.2]
	at java.base/java.util.stream.ReferencePipeline$3$1.accept(ReferencePipeline.java:195) ~[na:na]
	at java.base/java.util.stream.ReferencePipeline$2$1.accept(ReferencePipeline.java:177) ~[na:na]
	at java.base/java.util.ArrayList$ArrayListSpliterator.forEachRemaining(ArrayList.java:1655) ~[na:na]
	at java.base/java.util.stream.AbstractPipeline.copyInto(AbstractPipeline.java:484) ~[na:na]
	at java.base/java.util.stream.AbstractPipeline.wrapAndCopyInto(AbstractPipeline.java:474) ~[na:na]
	at java.base/java.util.stream.StreamSpliterators$WrappingSpliterator.forEachRemaining(StreamSpliterators.java:312) ~[na:na]
	at java.base/java.util.stream.Streams$ConcatSpliterator.forEachRemaining(Streams.java:735) ~[na:na]
	at java.base/java.util.stream.Streams$ConcatSpliterator.forEachRemaining(Streams.java:734) ~[na:na]
	at java.base/java.util.stream.ReferencePipeline$Head.forEach(ReferencePipeline.java:658) ~[na:na]
	at org.junit.jupiter.engine.descriptor.ClassBasedTestDescriptor.invokeTestInstancePostProcessors(ClassBasedTestDescriptor.java:349) ~[junit-jupiter-engine-5.7.2.jar:5.7.2]
	at org.junit.jupiter.engine.descriptor.ClassBasedTestDescriptor.lambda$instantiateAndPostProcessTestInstance$4(ClassBasedTestDescriptor.java:270) ~[junit-jupiter-engine-5.7.2.jar:5.7.2]
	at org.junit.platform.engine.support.hierarchical.ThrowableCollector.execute(ThrowableCollector.java:73) ~[junit-platform-engine-1.7.2.jar:1.7.2]
	at org.junit.jupiter.engine.descriptor.ClassBasedTestDescriptor.instantiateAndPostProcessTestInstance(ClassBasedTestDescriptor.java:269) ~[junit-jupiter-engine-5.7.2.jar:5.7.2]
	at org.junit.jupiter.engine.descriptor.ClassBasedTestDescriptor.lambda$testInstancesProvider$2(ClassBasedTestDescriptor.java:259) ~[junit-jupiter-engine-5.7.2.jar:5.7.2]
	at java.base/java.util.Optional.orElseGet(Optional.java:369) ~[na:na]
	at org.junit.jupiter.engine.descriptor.ClassBasedTestDescriptor.lambda$testInstancesProvider$3(ClassBasedTestDescriptor.java:258) ~[junit-jupiter-engine-5.7.2.jar:5.7.2]
	at org.junit.jupiter.engine.execution.TestInstancesProvider.getTestInstances(TestInstancesProvider.java:31) ~[junit-jupiter-engine-5.7.2.jar:5.7.2]
	at org.junit.jupiter.engine.descriptor.TestMethodTestDescriptor.lambda$prepare$0(TestMethodTestDescriptor.java:101) ~[junit-jupiter-engine-5.7.2.jar:5.7.2]
	at org.junit.platform.engine.support.hierarchical.ThrowableCollector.execute(ThrowableCollector.java:73) ~[junit-platform-engine-1.7.2.jar:1.7.2]
	at org.junit.jupiter.engine.descriptor.TestMethodTestDescriptor.prepare(TestMethodTestDescriptor.java:100) ~[junit-jupiter-engine-5.7.2.jar:5.7.2]
	at org.junit.jupiter.engine.descriptor.TestMethodTestDescriptor.prepare(TestMethodTestDescriptor.java:65) ~[junit-jupiter-engine-5.7.2.jar:5.7.2]
	at org.junit.platform.engine.support.hierarchical.NodeTestTask.lambda$prepare$1(NodeTestTask.java:111) ~[junit-platform-engine-1.7.2.jar:1.7.2]
	at org.junit.platform.engine.support.hierarchical.ThrowableCollector.execute(ThrowableCollector.java:73) ~[junit-platform-engine-1.7.2.jar:1.7.2]
	at org.junit.platform.engine.support.hierarchical.NodeTestTask.prepare(NodeTestTask.java:111) ~[junit-platform-engine-1.7.2.jar:1.7.2]
	at org.junit.platform.engine.support.hierarchical.NodeTestTask.execute(NodeTestTask.java:79) ~[junit-platform-engine-1.7.2.jar:1.7.2]
	at java.base/java.util.ArrayList.forEach(ArrayList.java:1541) ~[na:na]
	at org.junit.platform.engine.support.hierarchical.SameThreadHierarchicalTestExecutorService.invokeAll(SameThreadHierarchicalTestExecutorService.java:38) ~[junit-platform-engine-1.7.2.jar:1.7.2]
	at org.junit.platform.engine.support.hierarchical.NodeTestTask.lambda$executeRecursively$5(NodeTestTask.java:143) ~[junit-platform-engine-1.7.2.jar:1.7.2]
	at org.junit.platform.engine.support.hierarchical.ThrowableCollector.execute(ThrowableCollector.java:73) ~[junit-platform-engine-1.7.2.jar:1.7.2]
	at org.junit.platform.engine.support.hierarchical.NodeTestTask.lambda$executeRecursively$7(NodeTestTask.java:129) ~[junit-platform-engine-1.7.2.jar:1.7.2]
	at org.junit.platform.engine.support.hierarchical.Node.around(Node.java:137) ~[junit-platform-engine-1.7.2.jar:1.7.2]
	at org.junit.platform.engine.support.hierarchical.NodeTestTask.lambda$executeRecursively$8(NodeTestTask.java:127) ~[junit-platform-engine-1.7.2.jar:1.7.2]
	at org.junit.platform.engine.support.hierarchical.ThrowableCollector.execute(ThrowableCollector.java:73) ~[junit-platform-engine-1.7.2.jar:1.7.2]
	at org.junit.platform.engine.support.hierarchical.NodeTestTask.executeRecursively(NodeTestTask.java:126) ~[junit-platform-engine-1.7.2.jar:1.7.2]
	at org.junit.platform.engine.support.hierarchical.NodeTestTask.execute(NodeTestTask.java:84) ~[junit-platform-engine-1.7.2.jar:1.7.2]
	at java.base/java.util.ArrayList.forEach(ArrayList.java:1541) ~[na:na]
	at org.junit.platform.engine.support.hierarchical.SameThreadHierarchicalTestExecutorService.invokeAll(SameThreadHierarchicalTestExecutorService.java:38) ~[junit-platform-engine-1.7.2.jar:1.7.2]
	at org.junit.platform.engine.support.hierarchical.NodeTestTask.lambda$executeRecursively$5(NodeTestTask.java:143) ~[junit-platform-engine-1.7.2.jar:1.7.2]
	at org.junit.platform.engine.support.hierarchical.ThrowableCollector.execute(ThrowableCollector.java:73) ~[junit-platform-engine-1.7.2.jar:1.7.2]
	at org.junit.platform.engine.support.hierarchical.NodeTestTask.lambda$executeRecursively$7(NodeTestTask.java:129) ~[junit-platform-engine-1.7.2.jar:1.7.2]
	at org.junit.platform.engine.support.hierarchical.Node.around(Node.java:137) ~[junit-platform-engine-1.7.2.jar:1.7.2]
	at org.junit.platform.engine.support.hierarchical.NodeTestTask.lambda$executeRecursively$8(NodeTestTask.java:127) ~[junit-platform-engine-1.7.2.jar:1.7.2]
	at org.junit.platform.engine.support.hierarchical.ThrowableCollector.execute(ThrowableCollector.java:73) ~[junit-platform-engine-1.7.2.jar:1.7.2]
	at org.junit.platform.engine.support.hierarchical.NodeTestTask.executeRecursively(NodeTestTask.java:126) ~[junit-platform-engine-1.7.2.jar:1.7.2]
	at org.junit.platform.engine.support.hierarchical.NodeTestTask.execute(NodeTestTask.java:84) ~[junit-platform-engine-1.7.2.jar:1.7.2]
	at org.junit.platform.engine.support.hierarchical.SameThreadHierarchicalTestExecutorService.submit(SameThreadHierarchicalTestExecutorService.java:32) ~[junit-platform-engine-1.7.2.jar:1.7.2]
	at org.junit.platform.engine.support.hierarchical.HierarchicalTestExecutor.execute(HierarchicalTestExecutor.java:57) ~[junit-platform-engine-1.7.2.jar:1.7.2]
	at org.junit.platform.engine.support.hierarchical.HierarchicalTestEngine.execute(HierarchicalTestEngine.java:51) ~[junit-platform-engine-1.7.2.jar:1.7.2]
	at org.junit.platform.launcher.core.DefaultLauncher.execute(DefaultLauncher.java:220) ~[junit-platform-launcher-1.3.1.jar:1.3.1]
	at org.junit.platform.launcher.core.DefaultLauncher.lambda$execute$6(DefaultLauncher.java:188) ~[junit-platform-launcher-1.3.1.jar:1.3.1]
	at org.junit.platform.launcher.core.DefaultLauncher.withInterceptedStreams(DefaultLauncher.java:202) ~[junit-platform-launcher-1.3.1.jar:1.3.1]
	at org.junit.platform.launcher.core.DefaultLauncher.execute(DefaultLauncher.java:181) ~[junit-platform-launcher-1.3.1.jar:1.3.1]
	at org.junit.platform.launcher.core.DefaultLauncher.execute(DefaultLauncher.java:128) ~[junit-platform-launcher-1.3.1.jar:1.3.1]
	at org.apache.maven.surefire.junitplatform.JUnitPlatformProvider.invokeAllTests(JUnitPlatformProvider.java:150) ~[surefire-junit-platform-2.22.2.jar:2.22.2]
	at org.apache.maven.surefire.junitplatform.JUnitPlatformProvider.invoke(JUnitPlatformProvider.java:124) ~[surefire-junit-platform-2.22.2.jar:2.22.2]
	at org.apache.maven.surefire.booter.ForkedBooter.invokeProviderInSameClassLoader(ForkedBooter.java:384) ~[surefire-booter-2.22.2.jar:2.22.2]
	at org.apache.maven.surefire.booter.ForkedBooter.runSuitesInProcess(ForkedBooter.java:345) ~[surefire-booter-2.22.2.jar:2.22.2]
	at org.apache.maven.surefire.booter.ForkedBooter.execute(ForkedBooter.java:126) ~[surefire-booter-2.22.2.jar:2.22.2]
	at org.apache.maven.surefire.booter.ForkedBooter.main(ForkedBooter.java:418) ~[surefire-booter-2.22.2.jar:2.22.2]
Caused by: org.springframework.context.annotation.ConflictingBeanDefinitionException: Annotation-specified bean name 'productInteractiveQuery' for bean class [CSCI318.BusinessIntelligence.Service.ProductInteractiveQuery] conflicts with existing, non-compatible bean definition of same name and class [CSCI318.BusinessIntelligence.ProductInteractiveQuery]
	at org.springframework.context.annotation.ClassPathBeanDefinitionScanner.checkCandidate(ClassPathBeanDefinitionScanner.java:349) ~[spring-context-5.3.9.jar:5.3.9]
	at org.springframework.context.annotation.ClassPathBeanDefinitionScanner.doScan(ClassPathBeanDefinitionScanner.java:287) ~[spring-context-5.3.9.jar:5.3.9]
	at org.springframework.context.annotation.ComponentScanAnnotationParser.parse(ComponentScanAnnotationParser.java:132) ~[spring-context-5.3.9.jar:5.3.9]
	at org.springframework.context.annotation.ConfigurationClassParser.doProcessConfigurationClass(ConfigurationClassParser.java:296) ~[spring-context-5.3.9.jar:5.3.9]
	at org.springframework.context.annotation.ConfigurationClassParser.processConfigurationClass(ConfigurationClassParser.java:250) ~[spring-context-5.3.9.jar:5.3.9]
	at org.springframework.context.annotation.ConfigurationClassParser.parse(ConfigurationClassParser.java:207) ~[spring-context-5.3.9.jar:5.3.9]
	at org.springframework.context.annotation.ConfigurationClassParser.parse(ConfigurationClassParser.java:175) ~[spring-context-5.3.9.jar:5.3.9]
	... 79 common frames omitted

2021-10-23 11:00:50.349 ERROR 17196 --- [           main] o.s.test.context.TestContextManager      : Caught exception while allowing TestExecutionListener [org.springframework.test.context.web.ServletTestExecutionListener@31e4bb20] to prepare test instance [CSCI318.BusinessIntelligence.BusinessIntelligenceApplicationTests@1949309d]

java.lang.IllegalStateException: Failed to load ApplicationContext
	at org.springframework.test.context.cache.DefaultCacheAwareContextLoaderDelegate.loadContext(DefaultCacheAwareContextLoaderDelegate.java:132) ~[spring-test-5.3.9.jar:5.3.9]
	at org.springframework.test.context.support.DefaultTestContext.getApplicationContext(DefaultTestContext.java:124) ~[spring-test-5.3.9.jar:5.3.9]
	at org.springframework.test.context.web.ServletTestExecutionListener.setUpRequestContextIfNecessary(ServletTestExecutionListener.java:190) ~[spring-test-5.3.9.jar:5.3.9]
	at org.springframework.test.context.web.ServletTestExecutionListener.prepareTestInstance(ServletTestExecutionListener.java:132) ~[spring-test-5.3.9.jar:5.3.9]
	at org.springframework.test.context.TestContextManager.prepareTestInstance(TestContextManager.java:244) ~[spring-test-5.3.9.jar:5.3.9]
	at org.springframework.test.context.junit.jupiter.SpringExtension.postProcessTestInstance(SpringExtension.java:138) ~[spring-test-5.3.9.jar:5.3.9]
	at org.junit.jupiter.engine.descriptor.ClassBasedTestDescriptor.lambda$invokeTestInstancePostProcessors$6(ClassBasedTestDescriptor.java:350) ~[junit-jupiter-engine-5.7.2.jar:5.7.2]
	at org.junit.jupiter.engine.descriptor.ClassBasedTestDescriptor.executeAndMaskThrowable(ClassBasedTestDescriptor.java:355) ~[junit-jupiter-engine-5.7.2.jar:5.7.2]
	at org.junit.jupiter.engine.descriptor.ClassBasedTestDescriptor.lambda$invokeTestInstancePostProcessors$7(ClassBasedTestDescriptor.java:350) ~[junit-jupiter-engine-5.7.2.jar:5.7.2]
	at java.base/java.util.stream.ReferencePipeline$3$1.accept(ReferencePipeline.java:195) ~[na:na]
	at java.base/java.util.stream.ReferencePipeline$2$1.accept(ReferencePipeline.java:177) ~[na:na]
	at java.base/java.util.ArrayList$ArrayListSpliterator.forEachRemaining(ArrayList.java:1655) ~[na:na]
	at java.base/java.util.stream.AbstractPipeline.copyInto(AbstractPipeline.java:484) ~[na:na]
	at java.base/java.util.stream.AbstractPipeline.wrapAndCopyInto(AbstractPipeline.java:474) ~[na:na]
	at java.base/java.util.stream.StreamSpliterators$WrappingSpliterator.forEachRemaining(StreamSpliterators.java:312) ~[na:na]
	at java.base/java.util.stream.Streams$ConcatSpliterator.forEachRemaining(Streams.java:735) ~[na:na]
	at java.base/java.util.stream.Streams$ConcatSpliterator.forEachRemaining(Streams.java:734) ~[na:na]
	at java.base/java.util.stream.ReferencePipeline$Head.forEach(ReferencePipeline.java:658) ~[na:na]
	at org.junit.jupiter.engine.descriptor.ClassBasedTestDescriptor.invokeTestInstancePostProcessors(ClassBasedTestDescriptor.java:349) ~[junit-jupiter-engine-5.7.2.jar:5.7.2]
	at org.junit.jupiter.engine.descriptor.ClassBasedTestDescriptor.lambda$instantiateAndPostProcessTestInstance$4(ClassBasedTestDescriptor.java:270) ~[junit-jupiter-engine-5.7.2.jar:5.7.2]
	at org.junit.platform.engine.support.hierarchical.ThrowableCollector.execute(ThrowableCollector.java:73) ~[junit-platform-engine-1.7.2.jar:1.7.2]
	at org.junit.jupiter.engine.descriptor.ClassBasedTestDescriptor.instantiateAndPostProcessTestInstance(ClassBasedTestDescriptor.java:269) ~[junit-jupiter-engine-5.7.2.jar:5.7.2]
	at org.junit.jupiter.engine.descriptor.ClassBasedTestDescriptor.lambda$testInstancesProvider$2(ClassBasedTestDescriptor.java:259) ~[junit-jupiter-engine-5.7.2.jar:5.7.2]
	at java.base/java.util.Optional.orElseGet(Optional.java:369) ~[na:na]
	at org.junit.jupiter.engine.descriptor.ClassBasedTestDescriptor.lambda$testInstancesProvider$3(ClassBasedTestDescriptor.java:258) ~[junit-jupiter-engine-5.7.2.jar:5.7.2]
	at org.junit.jupiter.engine.execution.TestInstancesProvider.getTestInstances(TestInstancesProvider.java:31) ~[junit-jupiter-engine-5.7.2.jar:5.7.2]
	at org.junit.jupiter.engine.descriptor.TestMethodTestDescriptor.lambda$prepare$0(TestMethodTestDescriptor.java:101) ~[junit-jupiter-engine-5.7.2.jar:5.7.2]
	at org.junit.platform.engine.support.hierarchical.ThrowableCollector.execute(ThrowableCollector.java:73) ~[junit-platform-engine-1.7.2.jar:1.7.2]
	at org.junit.jupiter.engine.descriptor.TestMethodTestDescriptor.prepare(TestMethodTestDescriptor.java:100) ~[junit-jupiter-engine-5.7.2.jar:5.7.2]
	at org.junit.jupiter.engine.descriptor.TestMethodTestDescriptor.prepare(TestMethodTestDescriptor.java:65) ~[junit-jupiter-engine-5.7.2.jar:5.7.2]
	at org.junit.platform.engine.support.hierarchical.NodeTestTask.lambda$prepare$1(NodeTestTask.java:111) ~[junit-platform-engine-1.7.2.jar:1.7.2]
	at org.junit.platform.engine.support.hierarchical.ThrowableCollector.execute(ThrowableCollector.java:73) ~[junit-platform-engine-1.7.2.jar:1.7.2]
	at org.junit.platform.engine.support.hierarchical.NodeTestTask.prepare(NodeTestTask.java:111) ~[junit-platform-engine-1.7.2.jar:1.7.2]
	at org.junit.platform.engine.support.hierarchical.NodeTestTask.execute(NodeTestTask.java:79) ~[junit-platform-engine-1.7.2.jar:1.7.2]
	at java.base/java.util.ArrayList.forEach(ArrayList.java:1541) ~[na:na]
	at org.junit.platform.engine.support.hierarchical.SameThreadHierarchicalTestExecutorService.invokeAll(SameThreadHierarchicalTestExecutorService.java:38) ~[junit-platform-engine-1.7.2.jar:1.7.2]
	at org.junit.platform.engine.support.hierarchical.NodeTestTask.lambda$executeRecursively$5(NodeTestTask.java:143) ~[junit-platform-engine-1.7.2.jar:1.7.2]
	at org.junit.platform.engine.support.hierarchical.ThrowableCollector.execute(ThrowableCollector.java:73) ~[junit-platform-engine-1.7.2.jar:1.7.2]
	at org.junit.platform.engine.support.hierarchical.NodeTestTask.lambda$executeRecursively$7(NodeTestTask.java:129) ~[junit-platform-engine-1.7.2.jar:1.7.2]
	at org.junit.platform.engine.support.hierarchical.Node.around(Node.java:137) ~[junit-platform-engine-1.7.2.jar:1.7.2]
	at org.junit.platform.engine.support.hierarchical.NodeTestTask.lambda$executeRecursively$8(NodeTestTask.java:127) ~[junit-platform-engine-1.7.2.jar:1.7.2]
	at org.junit.platform.engine.support.hierarchical.ThrowableCollector.execute(ThrowableCollector.java:73) ~[junit-platform-engine-1.7.2.jar:1.7.2]
	at org.junit.platform.engine.support.hierarchical.NodeTestTask.executeRecursively(NodeTestTask.java:126) ~[junit-platform-engine-1.7.2.jar:1.7.2]
	at org.junit.platform.engine.support.hierarchical.NodeTestTask.execute(NodeTestTask.java:84) ~[junit-platform-engine-1.7.2.jar:1.7.2]
	at java.base/java.util.ArrayList.forEach(ArrayList.java:1541) ~[na:na]
	at org.junit.platform.engine.support.hierarchical.SameThreadHierarchicalTestExecutorService.invokeAll(SameThreadHierarchicalTestExecutorService.java:38) ~[junit-platform-engine-1.7.2.jar:1.7.2]
	at org.junit.platform.engine.support.hierarchical.NodeTestTask.lambda$executeRecursively$5(NodeTestTask.java:143) ~[junit-platform-engine-1.7.2.jar:1.7.2]
	at org.junit.platform.engine.support.hierarchical.ThrowableCollector.execute(ThrowableCollector.java:73) ~[junit-platform-engine-1.7.2.jar:1.7.2]
	at org.junit.platform.engine.support.hierarchical.NodeTestTask.lambda$executeRecursively$7(NodeTestTask.java:129) ~[junit-platform-engine-1.7.2.jar:1.7.2]
	at org.junit.platform.engine.support.hierarchical.Node.around(Node.java:137) ~[junit-platform-engine-1.7.2.jar:1.7.2]
	at org.junit.platform.engine.support.hierarchical.NodeTestTask.lambda$executeRecursively$8(NodeTestTask.java:127) ~[junit-platform-engine-1.7.2.jar:1.7.2]
	at org.junit.platform.engine.support.hierarchical.ThrowableCollector.execute(ThrowableCollector.java:73) ~[junit-platform-engine-1.7.2.jar:1.7.2]
	at org.junit.platform.engine.support.hierarchical.NodeTestTask.executeRecursively(NodeTestTask.java:126) ~[junit-platform-engine-1.7.2.jar:1.7.2]
	at org.junit.platform.engine.support.hierarchical.NodeTestTask.execute(NodeTestTask.java:84) ~[junit-platform-engine-1.7.2.jar:1.7.2]
	at org.junit.platform.engine.support.hierarchical.SameThreadHierarchicalTestExecutorService.submit(SameThreadHierarchicalTestExecutorService.java:32) ~[junit-platform-engine-1.7.2.jar:1.7.2]
	at org.junit.platform.engine.support.hierarchical.HierarchicalTestExecutor.execute(HierarchicalTestExecutor.java:57) ~[junit-platform-engine-1.7.2.jar:1.7.2]
	at org.junit.platform.engine.support.hierarchical.HierarchicalTestEngine.execute(HierarchicalTestEngine.java:51) ~[junit-platform-engine-1.7.2.jar:1.7.2]
	at org.junit.platform.launcher.core.DefaultLauncher.execute(DefaultLauncher.java:220) ~[junit-platform-launcher-1.3.1.jar:1.3.1]
	at org.junit.platform.launcher.core.DefaultLauncher.lambda$execute$6(DefaultLauncher.java:188) ~[junit-platform-launcher-1.3.1.jar:1.3.1]
	at org.junit.platform.launcher.core.DefaultLauncher.withInterceptedStreams(DefaultLauncher.java:202) ~[junit-platform-launcher-1.3.1.jar:1.3.1]
	at org.junit.platform.launcher.core.DefaultLauncher.execute(DefaultLauncher.java:181) ~[junit-platform-launcher-1.3.1.jar:1.3.1]
	at org.junit.platform.launcher.core.DefaultLauncher.execute(DefaultLauncher.java:128) ~[junit-platform-launcher-1.3.1.jar:1.3.1]
	at org.apache.maven.surefire.junitplatform.JUnitPlatformProvider.invokeAllTests(JUnitPlatformProvider.java:150) ~[surefire-junit-platform-2.22.2.jar:2.22.2]
	at org.apache.maven.surefire.junitplatform.JUnitPlatformProvider.invoke(JUnitPlatformProvider.java:124) ~[surefire-junit-platform-2.22.2.jar:2.22.2]
	at org.apache.maven.surefire.booter.ForkedBooter.invokeProviderInSameClassLoader(ForkedBooter.java:384) ~[surefire-booter-2.22.2.jar:2.22.2]
	at org.apache.maven.surefire.booter.ForkedBooter.runSuitesInProcess(ForkedBooter.java:345) ~[surefire-booter-2.22.2.jar:2.22.2]
	at org.apache.maven.surefire.booter.ForkedBooter.execute(ForkedBooter.java:126) ~[surefire-booter-2.22.2.jar:2.22.2]
	at org.apache.maven.surefire.booter.ForkedBooter.main(ForkedBooter.java:418) ~[surefire-booter-2.22.2.jar:2.22.2]
Caused by: org.springframework.beans.factory.BeanDefinitionStoreException: Failed to parse configuration class [CSCI318.BusinessIntelligence.BusinessIntelligenceApplication]; nested exception is org.springframework.context.annotation.ConflictingBeanDefinitionException: Annotation-specified bean name 'productInteractiveQuery' for bean class [CSCI318.BusinessIntelligence.Service.ProductInteractiveQuery] conflicts with existing, non-compatible bean definition of same name and class [CSCI318.BusinessIntelligence.ProductInteractiveQuery]
	at org.springframework.context.annotation.ConfigurationClassParser.parse(ConfigurationClassParser.java:189) ~[spring-context-5.3.9.jar:5.3.9]
	at org.springframework.context.annotation.ConfigurationClassPostProcessor.processConfigBeanDefinitions(ConfigurationClassPostProcessor.java:331) ~[spring-context-5.3.9.jar:5.3.9]
	at org.springframework.context.annotation.ConfigurationClassPostProcessor.postProcessBeanDefinitionRegistry(ConfigurationClassPostProcessor.java:247) ~[spring-context-5.3.9.jar:5.3.9]
	at org.springframework.context.support.PostProcessorRegistrationDelegate.invokeBeanDefinitionRegistryPostProcessors(PostProcessorRegistrationDelegate.java:311) ~[spring-context-5.3.9.jar:5.3.9]
	at org.springframework.context.support.PostProcessorRegistrationDelegate.invokeBeanFactoryPostProcessors(PostProcessorRegistrationDelegate.java:112) ~[spring-context-5.3.9.jar:5.3.9]
	at org.springframework.context.support.AbstractApplicationContext.invokeBeanFactoryPostProcessors(AbstractApplicationContext.java:746) ~[spring-context-5.3.9.jar:5.3.9]
	at org.springframework.context.support.AbstractApplicationContext.refresh(AbstractApplicationContext.java:564) ~[spring-context-5.3.9.jar:5.3.9]
	at org.springframework.boot.SpringApplication.refresh(SpringApplication.java:754) ~[spring-boot-2.5.3.jar:2.5.3]
	at org.springframework.boot.SpringApplication.refreshContext(SpringApplication.java:434) ~[spring-boot-2.5.3.jar:2.5.3]
	at org.springframework.boot.SpringApplication.run(SpringApplication.java:338) ~[spring-boot-2.5.3.jar:2.5.3]
	at org.springframework.boot.test.context.SpringBootContextLoader.loadContext(SpringBootContextLoader.java:123) ~[spring-boot-test-2.5.3.jar:2.5.3]
	at org.springframework.test.context.cache.DefaultCacheAwareContextLoaderDelegate.loadContextInternal(DefaultCacheAwareContextLoaderDelegate.java:99) ~[spring-test-5.3.9.jar:5.3.9]
	at org.springframework.test.context.cache.DefaultCacheAwareContextLoaderDelegate.loadContext(DefaultCacheAwareContextLoaderDelegate.java:124) ~[spring-test-5.3.9.jar:5.3.9]
	... 67 common frames omitted
Caused by: org.springframework.context.annotation.ConflictingBeanDefinitionException: Annotation-specified bean name 'productInteractiveQuery' for bean class [CSCI318.BusinessIntelligence.Service.ProductInteractiveQuery] conflicts with existing, non-compatible bean definition of same name and class [CSCI318.BusinessIntelligence.ProductInteractiveQuery]
	at org.springframework.context.annotation.ClassPathBeanDefinitionScanner.checkCandidate(ClassPathBeanDefinitionScanner.java:349) ~[spring-context-5.3.9.jar:5.3.9]
	at org.springframework.context.annotation.ClassPathBeanDefinitionScanner.doScan(ClassPathBeanDefinitionScanner.java:287) ~[spring-context-5.3.9.jar:5.3.9]
	at org.springframework.context.annotation.ComponentScanAnnotationParser.parse(ComponentScanAnnotationParser.java:132) ~[spring-context-5.3.9.jar:5.3.9]
	at org.springframework.context.annotation.ConfigurationClassParser.doProcessConfigurationClass(ConfigurationClassParser.java:296) ~[spring-context-5.3.9.jar:5.3.9]
	at org.springframework.context.annotation.ConfigurationClassParser.processConfigurationClass(ConfigurationClassParser.java:250) ~[spring-context-5.3.9.jar:5.3.9]
	at org.springframework.context.annotation.ConfigurationClassParser.parse(ConfigurationClassParser.java:207) ~[spring-context-5.3.9.jar:5.3.9]
	at org.springframework.context.annotation.ConfigurationClassParser.parse(ConfigurationClassParser.java:175) ~[spring-context-5.3.9.jar:5.3.9]
	... 79 common frames omitted

]]></system-out>
  </testcase>
</testsuite>